0 info it worked if it ends with ok
1 verbose cli [ '/usr/bin/node', '/usr/bin/npm', 'install', 'serve-index' ]
2 info using npm@3.5.2
3 info using node@v8.10.0
4 silly loadCurrentTree Starting
5 silly install loadCurrentTree
6 silly install readLocalPackageData
7 silly fetchPackageMetaData serve-index
8 silly fetchNamedPackageData serve-index
9 silly mapToRegistry name serve-index
10 silly mapToRegistry using default registry
11 silly mapToRegistry registry https://registry.npmjs.org/
12 silly mapToRegistry uri https://registry.npmjs.org/serve-index
13 verbose request uri https://registry.npmjs.org/serve-index
14 verbose request no auth needed
15 info attempt registry request try #1 at 11:35:11 PM
16 verbose request id 8de95ec9b7876d4d
17 verbose etag W/"8892cd8993ee913bf15ad4bbb23655a5"
18 verbose lastModified Sun, 27 May 2018 17:01:32 GMT
19 http request GET https://registry.npmjs.org/serve-index
20 http 304 https://registry.npmjs.org/serve-index
21 verbose headers { date: 'Thu, 14 Nov 2019 07:35:10 GMT',
21 verbose headers   connection: 'keep-alive',
21 verbose headers   'set-cookie':
21 verbose headers    [ '__cfduid=d6d2681a330b19028f6f3ce2ac6f3991a1573716910; expires=Fri, 13-Nov-20 07:35:10 GMT; path=/; domain=.npmjs.org; HttpOnly' ],
21 verbose headers   'cf-ray': '53574ea57839adf2-SMF',
21 verbose headers   'cf-cache-status': 'HIT',
21 verbose headers   'cache-control': 'max-age=300',
21 verbose headers   age: '4868',
21 verbose headers   etag: '"8892cd8993ee913bf15ad4bbb23655a5"',
21 verbose headers   'last-modified': 'Sun, 27 May 2018 17:01:32 GMT',
21 verbose headers   vary: 'accept-encoding, accept',
21 verbose headers   'expect-ct': 'max-age=604800, report-uri="https://report-uri.cloudflare.com/cdn-cgi/beacon/expect-ct"',
21 verbose headers   server: 'cloudflare' }
22 silly get cb [ 304,
22 silly get   { date: 'Thu, 14 Nov 2019 07:35:10 GMT',
22 silly get     connection: 'keep-alive',
22 silly get     'set-cookie':
22 silly get      [ '__cfduid=d6d2681a330b19028f6f3ce2ac6f3991a1573716910; expires=Fri, 13-Nov-20 07:35:10 GMT; path=/; domain=.npmjs.org; HttpOnly' ],
22 silly get     'cf-ray': '53574ea57839adf2-SMF',
22 silly get     'cf-cache-status': 'HIT',
22 silly get     'cache-control': 'max-age=300',
22 silly get     age: '4868',
22 silly get     etag: '"8892cd8993ee913bf15ad4bbb23655a5"',
22 silly get     'last-modified': 'Sun, 27 May 2018 17:01:32 GMT',
22 silly get     vary: 'accept-encoding, accept',
22 silly get     'expect-ct': 'max-age=604800, report-uri="https://report-uri.cloudflare.com/cdn-cgi/beacon/expect-ct"',
22 silly get     server: 'cloudflare' } ]
23 verbose etag https://registry.npmjs.org/serve-index from cache
24 verbose get saving serve-index to /home/josh/.npm/registry.npmjs.org/serve-index/.cache.json
25 silly install normalizeTree
26 silly loadCurrentTree Finishing
27 silly loadIdealTree Starting
28 silly install loadIdealTree
29 silly cloneCurrentTree Starting
30 silly install cloneCurrentTreeToIdealTree
31 silly cloneCurrentTree Finishing
32 silly loadShrinkwrap Starting
33 silly install loadShrinkwrap
34 silly loadShrinkwrap Finishing
35 silly loadAllDepsIntoIdealTree Starting
36 silly install loadAllDepsIntoIdealTree
37 silly resolveWithNewModule serve-index@1.9.1 checking installable status
38 silly cache add args [ 'serve-index', null ]
39 verbose cache add spec serve-index
40 silly cache add parsed spec Result {
40 silly cache add   raw: 'serve-index',
40 silly cache add   scope: null,
40 silly cache add   name: 'serve-index',
40 silly cache add   rawSpec: '',
40 silly cache add   spec: 'latest',
40 silly cache add   type: 'tag' }
41 silly addNamed serve-index@latest
42 verbose addNamed "latest" is being treated as a dist-tag for serve-index
43 info addNameTag [ 'serve-index', 'latest' ]
44 silly mapToRegistry name serve-index
45 silly mapToRegistry using default registry
46 silly mapToRegistry registry https://registry.npmjs.org/
47 silly mapToRegistry uri https://registry.npmjs.org/serve-index
48 verbose addNameTag registry:https://registry.npmjs.org/serve-index not in flight; fetching
49 verbose get https://registry.npmjs.org/serve-index not expired, no request
50 silly addNameTag next cb for serve-index with tag latest
51 silly addNamed serve-index@1.9.1
52 verbose addNamed "1.9.1" is a plain semver version for serve-index
53 silly cache afterAdd serve-index@1.9.1
54 verbose afterAdd /home/josh/.npm/serve-index/1.9.1/package/package.json not in flight; writing
55 verbose afterAdd /home/josh/.npm/serve-index/1.9.1/package/package.json written
56 silly fetchNamedPackageData http-errors
57 silly mapToRegistry name http-errors
58 silly mapToRegistry using default registry
59 silly mapToRegistry registry https://registry.npmjs.org/
60 silly mapToRegistry uri https://registry.npmjs.org/http-errors
61 verbose request uri https://registry.npmjs.org/http-errors
62 verbose request no auth needed
63 info attempt registry request try #1 at 11:35:11 PM
64 verbose etag W/"4f9d278557ea8a403a4d9fb193be9854"
65 verbose lastModified Mon, 24 Jun 2019 23:21:23 GMT
66 http request GET https://registry.npmjs.org/http-errors
67 http 304 https://registry.npmjs.org/http-errors
68 verbose headers { date: 'Thu, 14 Nov 2019 07:35:11 GMT',
68 verbose headers   connection: 'keep-alive',
68 verbose headers   'set-cookie':
68 verbose headers    [ '__cfduid=d6091dba514fdfe4435fbd5b6666464761573716911; expires=Fri, 13-Nov-20 07:35:11 GMT; path=/; domain=.npmjs.org; HttpOnly' ],
68 verbose headers   'cf-ray': '53574ea6c8faadf2-SMF',
68 verbose headers   'cf-cache-status': 'HIT',
68 verbose headers   'cache-control': 'max-age=300',
68 verbose headers   age: '4522',
68 verbose headers   etag: '"4f9d278557ea8a403a4d9fb193be9854"',
68 verbose headers   'last-modified': 'Mon, 24 Jun 2019 23:21:23 GMT',
68 verbose headers   vary: 'accept-encoding, accept',
68 verbose headers   'expect-ct': 'max-age=604800, report-uri="https://report-uri.cloudflare.com/cdn-cgi/beacon/expect-ct"',
68 verbose headers   'x-amz-meta-rev': '90-119bd59685bed026e6e7a2d77b08053c',
68 verbose headers   server: 'cloudflare' }
69 silly get cb [ 304,
69 silly get   { date: 'Thu, 14 Nov 2019 07:35:11 GMT',
69 silly get     connection: 'keep-alive',
69 silly get     'set-cookie':
69 silly get      [ '__cfduid=d6091dba514fdfe4435fbd5b6666464761573716911; expires=Fri, 13-Nov-20 07:35:11 GMT; path=/; domain=.npmjs.org; HttpOnly' ],
69 silly get     'cf-ray': '53574ea6c8faadf2-SMF',
69 silly get     'cf-cache-status': 'HIT',
69 silly get     'cache-control': 'max-age=300',
69 silly get     age: '4522',
69 silly get     etag: '"4f9d278557ea8a403a4d9fb193be9854"',
69 silly get     'last-modified': 'Mon, 24 Jun 2019 23:21:23 GMT',
69 silly get     vary: 'accept-encoding, accept',
69 silly get     'expect-ct': 'max-age=604800, report-uri="https://report-uri.cloudflare.com/cdn-cgi/beacon/expect-ct"',
69 silly get     'x-amz-meta-rev': '90-119bd59685bed026e6e7a2d77b08053c',
69 silly get     server: 'cloudflare' } ]
70 verbose etag https://registry.npmjs.org/http-errors from cache
71 verbose get saving http-errors to /home/josh/.npm/registry.npmjs.org/http-errors/.cache.json
72 silly resolveWithNewModule http-errors@1.6.3 checking installable status
73 silly cache add args [ 'http-errors@~1.6.2', null ]
74 verbose cache add spec http-errors@~1.6.2
75 silly cache add parsed spec Result {
75 silly cache add   raw: 'http-errors@~1.6.2',
75 silly cache add   scope: null,
75 silly cache add   name: 'http-errors',
75 silly cache add   rawSpec: '~1.6.2',
75 silly cache add   spec: '>=1.6.2 <1.7.0',
75 silly cache add   type: 'range' }
76 silly addNamed http-errors@>=1.6.2 <1.7.0
77 verbose addNamed ">=1.6.2 <1.7.0" is a valid semver range for http-errors
78 silly addNameRange { name: 'http-errors', range: '>=1.6.2 <1.7.0', hasData: false }
79 silly mapToRegistry name http-errors
80 silly mapToRegistry using default registry
81 silly mapToRegistry registry https://registry.npmjs.org/
82 silly mapToRegistry uri https://registry.npmjs.org/http-errors
83 verbose addNameRange registry:https://registry.npmjs.org/http-errors not in flight; fetching
84 verbose get https://registry.npmjs.org/http-errors not expired, no request
85 silly addNameRange number 2 { name: 'http-errors', range: '>=1.6.2 <1.7.0', hasData: true }
86 silly addNameRange versions [ 'http-errors',
86 silly addNameRange   [ '0.0.1',
86 silly addNameRange     '1.0.0',
86 silly addNameRange     '1.0.1',
86 silly addNameRange     '1.1.0',
86 silly addNameRange     '1.2.0',
86 silly addNameRange     '1.2.1',
86 silly addNameRange     '1.2.2',
86 silly addNameRange     '1.2.3',
86 silly addNameRange     '1.2.4',
86 silly addNameRange     '1.2.5',
86 silly addNameRange     '1.2.6',
86 silly addNameRange     '1.2.7',
86 silly addNameRange     '1.2.8',
86 silly addNameRange     '1.3.0',
86 silly addNameRange     '1.3.1',
86 silly addNameRange     '1.4.0',
86 silly addNameRange     '1.5.0',
86 silly addNameRange     '1.5.1',
86 silly addNameRange     '1.6.0',
86 silly addNameRange     '1.6.1',
86 silly addNameRange     '1.6.2',
86 silly addNameRange     '1.6.3',
86 silly addNameRange     '1.7.0',
86 silly addNameRange     '1.7.1',
86 silly addNameRange     '1.7.2',
86 silly addNameRange     '1.7.3' ] ]
87 silly addNamed http-errors@1.6.3
88 verbose addNamed "1.6.3" is a plain semver version for http-errors
89 silly cache afterAdd http-errors@1.6.3
90 verbose afterAdd /home/josh/.npm/http-errors/1.6.3/package/package.json not in flight; writing
91 verbose afterAdd /home/josh/.npm/http-errors/1.6.3/package/package.json written
92 silly fetchNamedPackageData depd
93 silly mapToRegistry name depd
94 silly mapToRegistry using default registry
95 silly mapToRegistry registry https://registry.npmjs.org/
96 silly mapToRegistry uri https://registry.npmjs.org/depd
97 silly fetchNamedPackageData inherits
98 silly mapToRegistry name inherits
99 silly mapToRegistry using default registry
100 silly mapToRegistry registry https://registry.npmjs.org/
101 silly mapToRegistry uri https://registry.npmjs.org/inherits
102 silly fetchNamedPackageData setprototypeof
103 silly mapToRegistry name setprototypeof
104 silly mapToRegistry using default registry
105 silly mapToRegistry registry https://registry.npmjs.org/
106 silly mapToRegistry uri https://registry.npmjs.org/setprototypeof
107 silly fetchNamedPackageData statuses
108 silly mapToRegistry name statuses
109 silly mapToRegistry using default registry
110 silly mapToRegistry registry https://registry.npmjs.org/
111 silly mapToRegistry uri https://registry.npmjs.org/statuses
112 verbose request uri https://registry.npmjs.org/setprototypeof
113 verbose request no auth needed
114 info attempt registry request try #1 at 11:35:11 PM
115 verbose etag W/"22033b35d4ed2becc2e42f72fca383b4"
116 verbose lastModified Thu, 18 Jul 2019 04:50:00 GMT
117 http request GET https://registry.npmjs.org/setprototypeof
118 verbose request uri https://registry.npmjs.org/statuses
119 verbose request no auth needed
120 info attempt registry request try #1 at 11:35:11 PM
121 verbose etag W/"11c82b1bd6a2698473d0c9f65f09e80a"
122 verbose lastModified Wed, 19 Jun 2019 19:46:48 GMT
123 http request GET https://registry.npmjs.org/statuses
124 verbose request uri https://registry.npmjs.org/depd
125 verbose request no auth needed
126 info attempt registry request try #1 at 11:35:11 PM
127 verbose etag W/"70852dc9265da686a07afcc095f5313d"
128 verbose lastModified Wed, 02 Jan 2019 20:56:16 GMT
129 http request GET https://registry.npmjs.org/depd
130 verbose request uri https://registry.npmjs.org/inherits
131 verbose request no auth needed
132 info attempt registry request try #1 at 11:35:11 PM
133 verbose etag W/"89b9ff30160e62cccc320a50b274ccd9"
134 verbose lastModified Wed, 19 Jun 2019 20:18:57 GMT
135 http request GET https://registry.npmjs.org/inherits
136 http 304 https://registry.npmjs.org/setprototypeof
137 verbose headers { date: 'Thu, 14 Nov 2019 07:35:11 GMT',
137 verbose headers   connection: 'keep-alive',
137 verbose headers   'set-cookie':
137 verbose headers    [ '__cfduid=d6091dba514fdfe4435fbd5b6666464761573716911; expires=Fri, 13-Nov-20 07:35:11 GMT; path=/; domain=.npmjs.org; HttpOnly' ],
137 verbose headers   'cf-ray': '53574ea7a985adf2-SMF',
137 verbose headers   'cf-cache-status': 'HIT',
137 verbose headers   'cache-control': 'max-age=300',
137 verbose headers   age: '4659',
137 verbose headers   etag: '"22033b35d4ed2becc2e42f72fca383b4"',
137 verbose headers   'last-modified': 'Thu, 18 Jul 2019 04:50:00 GMT',
137 verbose headers   vary: 'accept-encoding, accept',
137 verbose headers   'expect-ct': 'max-age=604800, report-uri="https://report-uri.cloudflare.com/cdn-cgi/beacon/expect-ct"',
137 verbose headers   'x-amz-meta-rev': '15-2024cdfe492a88c85679e2dc41149a79',
137 verbose headers   server: 'cloudflare' }
138 silly get cb [ 304,
138 silly get   { date: 'Thu, 14 Nov 2019 07:35:11 GMT',
138 silly get     connection: 'keep-alive',
138 silly get     'set-cookie':
138 silly get      [ '__cfduid=d6091dba514fdfe4435fbd5b6666464761573716911; expires=Fri, 13-Nov-20 07:35:11 GMT; path=/; domain=.npmjs.org; HttpOnly' ],
138 silly get     'cf-ray': '53574ea7a985adf2-SMF',
138 silly get     'cf-cache-status': 'HIT',
138 silly get     'cache-control': 'max-age=300',
138 silly get     age: '4659',
138 silly get     etag: '"22033b35d4ed2becc2e42f72fca383b4"',
138 silly get     'last-modified': 'Thu, 18 Jul 2019 04:50:00 GMT',
138 silly get     vary: 'accept-encoding, accept',
138 silly get     'expect-ct': 'max-age=604800, report-uri="https://report-uri.cloudflare.com/cdn-cgi/beacon/expect-ct"',
138 silly get     'x-amz-meta-rev': '15-2024cdfe492a88c85679e2dc41149a79',
138 silly get     server: 'cloudflare' } ]
139 verbose etag https://registry.npmjs.org/setprototypeof from cache
140 verbose get saving setprototypeof to /home/josh/.npm/registry.npmjs.org/setprototypeof/.cache.json
141 silly resolveWithNewModule setprototypeof@1.1.0 checking installable status
142 silly cache add args [ 'setprototypeof@1.1.0', null ]
143 verbose cache add spec setprototypeof@1.1.0
144 silly cache add parsed spec Result {
144 silly cache add   raw: 'setprototypeof@1.1.0',
144 silly cache add   scope: null,
144 silly cache add   name: 'setprototypeof',
144 silly cache add   rawSpec: '1.1.0',
144 silly cache add   spec: '1.1.0',
144 silly cache add   type: 'version' }
145 silly addNamed setprototypeof@1.1.0
146 verbose addNamed "1.1.0" is a plain semver version for setprototypeof
147 silly mapToRegistry name setprototypeof
148 silly mapToRegistry using default registry
149 silly mapToRegistry registry https://registry.npmjs.org/
150 silly mapToRegistry uri https://registry.npmjs.org/setprototypeof
151 verbose addNameVersion registry:https://registry.npmjs.org/setprototypeof not in flight; fetching
152 verbose get https://registry.npmjs.org/setprototypeof not expired, no request
153 silly cache afterAdd setprototypeof@1.1.0
154 verbose afterAdd /home/josh/.npm/setprototypeof/1.1.0/package/package.json not in flight; writing
155 verbose afterAdd /home/josh/.npm/setprototypeof/1.1.0/package/package.json written
156 http 304 https://registry.npmjs.org/depd
157 verbose headers { date: 'Thu, 14 Nov 2019 07:35:11 GMT',
157 verbose headers   connection: 'keep-alive',
157 verbose headers   'set-cookie':
157 verbose headers    [ '__cfduid=d6091dba514fdfe4435fbd5b6666464761573716911; expires=Fri, 13-Nov-20 07:35:11 GMT; path=/; domain=.npmjs.org; HttpOnly' ],
157 verbose headers   'cf-ray': '53574ea809ddadf2-SMF',
157 verbose headers   'cf-cache-status': 'HIT',
157 verbose headers   'cache-control': 'max-age=300',
157 verbose headers   age: '4651',
157 verbose headers   etag: '"70852dc9265da686a07afcc095f5313d"',
157 verbose headers   'last-modified': 'Wed, 02 Jan 2019 20:56:16 GMT',
157 verbose headers   vary: 'accept-encoding, accept',
157 verbose headers   'expect-ct': 'max-age=604800, report-uri="https://report-uri.cloudflare.com/cdn-cgi/beacon/expect-ct"',
157 verbose headers   'x-amz-meta-rev': '56-004834cf059a6d56502d4091c17f7c8a',
157 verbose headers   server: 'cloudflare' }
158 silly get cb [ 304,
158 silly get   { date: 'Thu, 14 Nov 2019 07:35:11 GMT',
158 silly get     connection: 'keep-alive',
158 silly get     'set-cookie':
158 silly get      [ '__cfduid=d6091dba514fdfe4435fbd5b6666464761573716911; expires=Fri, 13-Nov-20 07:35:11 GMT; path=/; domain=.npmjs.org; HttpOnly' ],
158 silly get     'cf-ray': '53574ea809ddadf2-SMF',
158 silly get     'cf-cache-status': 'HIT',
158 silly get     'cache-control': 'max-age=300',
158 silly get     age: '4651',
158 silly get     etag: '"70852dc9265da686a07afcc095f5313d"',
158 silly get     'last-modified': 'Wed, 02 Jan 2019 20:56:16 GMT',
158 silly get     vary: 'accept-encoding, accept',
158 silly get     'expect-ct': 'max-age=604800, report-uri="https://report-uri.cloudflare.com/cdn-cgi/beacon/expect-ct"',
158 silly get     'x-amz-meta-rev': '56-004834cf059a6d56502d4091c17f7c8a',
158 silly get     server: 'cloudflare' } ]
159 verbose etag https://registry.npmjs.org/depd from cache
160 verbose get saving depd to /home/josh/.npm/registry.npmjs.org/depd/.cache.json
161 http 304 https://registry.npmjs.org/inherits
162 verbose headers { date: 'Thu, 14 Nov 2019 07:35:11 GMT',
162 verbose headers   connection: 'keep-alive',
162 verbose headers   'set-cookie':
162 verbose headers    [ '__cfduid=d82d39bec7eef869bc0a7eca40a1ac1f71573716911; expires=Fri, 13-Nov-20 07:35:11 GMT; path=/; domain=.npmjs.org; HttpOnly' ],
162 verbose headers   'cf-ray': '53574ea80a6eadce-SMF',
162 verbose headers   'cf-cache-status': 'HIT',
162 verbose headers   'cache-control': 'max-age=300',
162 verbose headers   age: '5279',
162 verbose headers   etag: '"89b9ff30160e62cccc320a50b274ccd9"',
162 verbose headers   'last-modified': 'Wed, 19 Jun 2019 20:18:57 GMT',
162 verbose headers   vary: 'accept-encoding, accept',
162 verbose headers   'expect-ct': 'max-age=604800, report-uri="https://report-uri.cloudflare.com/cdn-cgi/beacon/expect-ct"',
162 verbose headers   'x-amz-meta-rev': '93-0c2ab1c34e355d57c2f8d33d2c0c936c',
162 verbose headers   server: 'cloudflare' }
163 silly get cb [ 304,
163 silly get   { date: 'Thu, 14 Nov 2019 07:35:11 GMT',
163 silly get     connection: 'keep-alive',
163 silly get     'set-cookie':
163 silly get      [ '__cfduid=d82d39bec7eef869bc0a7eca40a1ac1f71573716911; expires=Fri, 13-Nov-20 07:35:11 GMT; path=/; domain=.npmjs.org; HttpOnly' ],
163 silly get     'cf-ray': '53574ea80a6eadce-SMF',
163 silly get     'cf-cache-status': 'HIT',
163 silly get     'cache-control': 'max-age=300',
163 silly get     age: '5279',
163 silly get     etag: '"89b9ff30160e62cccc320a50b274ccd9"',
163 silly get     'last-modified': 'Wed, 19 Jun 2019 20:18:57 GMT',
163 silly get     vary: 'accept-encoding, accept',
163 silly get     'expect-ct': 'max-age=604800, report-uri="https://report-uri.cloudflare.com/cdn-cgi/beacon/expect-ct"',
163 silly get     'x-amz-meta-rev': '93-0c2ab1c34e355d57c2f8d33d2c0c936c',
163 silly get     server: 'cloudflare' } ]
164 verbose etag https://registry.npmjs.org/inherits from cache
165 verbose get saving inherits to /home/josh/.npm/registry.npmjs.org/inherits/.cache.json
166 http 304 https://registry.npmjs.org/statuses
167 verbose headers { date: 'Thu, 14 Nov 2019 07:35:11 GMT',
167 verbose headers   connection: 'keep-alive',
167 verbose headers   'set-cookie':
167 verbose headers    [ '__cfduid=d6091dba514fdfe4435fbd5b6666464761573716911; expires=Fri, 13-Nov-20 07:35:11 GMT; path=/; domain=.npmjs.org; HttpOnly' ],
167 verbose headers   'cf-ray': '53574ea819e1adf2-SMF',
167 verbose headers   'cf-cache-status': 'HIT',
167 verbose headers   'cache-control': 'max-age=300',
167 verbose headers   age: '4651',
167 verbose headers   etag: '"11c82b1bd6a2698473d0c9f65f09e80a"',
167 verbose headers   'last-modified': 'Wed, 19 Jun 2019 19:46:48 GMT',
167 verbose headers   vary: 'accept-encoding, accept',
167 verbose headers   'expect-ct': 'max-age=604800, report-uri="https://report-uri.cloudflare.com/cdn-cgi/beacon/expect-ct"',
167 verbose headers   'x-amz-meta-rev': '62-e65e30fb2b110246be686375ec54aebe',
167 verbose headers   server: 'cloudflare' }
168 silly get cb [ 304,
168 silly get   { date: 'Thu, 14 Nov 2019 07:35:11 GMT',
168 silly get     connection: 'keep-alive',
168 silly get     'set-cookie':
168 silly get      [ '__cfduid=d6091dba514fdfe4435fbd5b6666464761573716911; expires=Fri, 13-Nov-20 07:35:11 GMT; path=/; domain=.npmjs.org; HttpOnly' ],
168 silly get     'cf-ray': '53574ea819e1adf2-SMF',
168 silly get     'cf-cache-status': 'HIT',
168 silly get     'cache-control': 'max-age=300',
168 silly get     age: '4651',
168 silly get     etag: '"11c82b1bd6a2698473d0c9f65f09e80a"',
168 silly get     'last-modified': 'Wed, 19 Jun 2019 19:46:48 GMT',
168 silly get     vary: 'accept-encoding, accept',
168 silly get     'expect-ct': 'max-age=604800, report-uri="https://report-uri.cloudflare.com/cdn-cgi/beacon/expect-ct"',
168 silly get     'x-amz-meta-rev': '62-e65e30fb2b110246be686375ec54aebe',
168 silly get     server: 'cloudflare' } ]
169 verbose etag https://registry.npmjs.org/statuses from cache
170 verbose get saving statuses to /home/josh/.npm/registry.npmjs.org/statuses/.cache.json
171 silly resolveWithNewModule depd@1.1.2 checking installable status
172 silly cache add args [ 'depd@~1.1.2', null ]
173 verbose cache add spec depd@~1.1.2
174 silly cache add parsed spec Result {
174 silly cache add   raw: 'depd@~1.1.2',
174 silly cache add   scope: null,
174 silly cache add   name: 'depd',
174 silly cache add   rawSpec: '~1.1.2',
174 silly cache add   spec: '>=1.1.2 <1.2.0',
174 silly cache add   type: 'range' }
175 silly addNamed depd@>=1.1.2 <1.2.0
176 verbose addNamed ">=1.1.2 <1.2.0" is a valid semver range for depd
177 silly addNameRange { name: 'depd', range: '>=1.1.2 <1.2.0', hasData: false }
178 silly mapToRegistry name depd
179 silly mapToRegistry using default registry
180 silly mapToRegistry registry https://registry.npmjs.org/
181 silly mapToRegistry uri https://registry.npmjs.org/depd
182 verbose addNameRange registry:https://registry.npmjs.org/depd not in flight; fetching
183 silly resolveWithNewModule inherits@2.0.3 checking installable status
184 silly cache add args [ 'inherits@2.0.3', null ]
185 verbose cache add spec inherits@2.0.3
186 silly cache add parsed spec Result {
186 silly cache add   raw: 'inherits@2.0.3',
186 silly cache add   scope: null,
186 silly cache add   name: 'inherits',
186 silly cache add   rawSpec: '2.0.3',
186 silly cache add   spec: '2.0.3',
186 silly cache add   type: 'version' }
187 silly addNamed inherits@2.0.3
188 verbose addNamed "2.0.3" is a plain semver version for inherits
189 silly mapToRegistry name inherits
190 silly mapToRegistry using default registry
191 silly mapToRegistry registry https://registry.npmjs.org/
192 silly mapToRegistry uri https://registry.npmjs.org/inherits
193 verbose addNameVersion registry:https://registry.npmjs.org/inherits not in flight; fetching
194 verbose get https://registry.npmjs.org/depd not expired, no request
195 silly addNameRange number 2 { name: 'depd', range: '>=1.1.2 <1.2.0', hasData: true }
196 silly addNameRange versions [ 'depd',
196 silly addNameRange   [ '0.0.0',
196 silly addNameRange     '0.0.1',
196 silly addNameRange     '0.1.0',
196 silly addNameRange     '0.2.0',
196 silly addNameRange     '0.3.0',
196 silly addNameRange     '0.4.0',
196 silly addNameRange     '0.4.1',
196 silly addNameRange     '0.4.2',
196 silly addNameRange     '0.4.3',
196 silly addNameRange     '0.4.4',
196 silly addNameRange     '0.4.5',
196 silly addNameRange     '1.0.0',
196 silly addNameRange     '1.0.1',
196 silly addNameRange     '1.1.0',
196 silly addNameRange     '1.1.1',
196 silly addNameRange     '1.1.2',
196 silly addNameRange     '2.0.0' ] ]
197 silly addNamed depd@1.1.2
198 verbose addNamed "1.1.2" is a plain semver version for depd
199 silly resolveWithNewModule statuses@1.5.0 checking installable status
200 silly cache add args [ 'statuses@>= 1.4.0 < 2', null ]
201 verbose cache add spec statuses@>= 1.4.0 < 2
202 silly cache add parsed spec Result {
202 silly cache add   raw: 'statuses@>= 1.4.0 < 2',
202 silly cache add   scope: null,
202 silly cache add   name: 'statuses',
202 silly cache add   rawSpec: '>= 1.4.0 < 2',
202 silly cache add   spec: '>=1.4.0 <2.0.0',
202 silly cache add   type: 'range' }
203 silly addNamed statuses@>=1.4.0 <2.0.0
204 verbose addNamed ">=1.4.0 <2.0.0" is a valid semver range for statuses
205 silly addNameRange { name: 'statuses', range: '>=1.4.0 <2.0.0', hasData: false }
206 silly mapToRegistry name statuses
207 silly mapToRegistry using default registry
208 silly mapToRegistry registry https://registry.npmjs.org/
209 silly mapToRegistry uri https://registry.npmjs.org/statuses
210 verbose addNameRange registry:https://registry.npmjs.org/statuses not in flight; fetching
211 verbose get https://registry.npmjs.org/inherits not expired, no request
212 silly cache afterAdd depd@1.1.2
213 verbose afterAdd /home/josh/.npm/depd/1.1.2/package/package.json not in flight; writing
214 verbose get https://registry.npmjs.org/statuses not expired, no request
215 silly addNameRange number 2 { name: 'statuses', range: '>=1.4.0 <2.0.0', hasData: true }
216 silly addNameRange versions [ 'statuses',
216 silly addNameRange   [ '1.0.1',
216 silly addNameRange     '1.0.2',
216 silly addNameRange     '1.0.3',
216 silly addNameRange     '1.0.4',
216 silly addNameRange     '1.1.0',
216 silly addNameRange     '1.1.1',
216 silly addNameRange     '1.2.0',
216 silly addNameRange     '1.2.1',
216 silly addNameRange     '1.3.0',
216 silly addNameRange     '1.3.1',
216 silly addNameRange     '1.4.0',
216 silly addNameRange     '1.5.0' ] ]
217 silly addNamed statuses@1.5.0
218 verbose addNamed "1.5.0" is a plain semver version for statuses
219 silly cache afterAdd inherits@2.0.3
220 verbose afterAdd /home/josh/.npm/inherits/2.0.3/package/package.json not in flight; writing
221 silly cache afterAdd statuses@1.5.0
222 verbose afterAdd /home/josh/.npm/statuses/1.5.0/package/package.json not in flight; writing
223 verbose afterAdd /home/josh/.npm/depd/1.1.2/package/package.json written
224 verbose afterAdd /home/josh/.npm/inherits/2.0.3/package/package.json written
225 verbose afterAdd /home/josh/.npm/statuses/1.5.0/package/package.json written
226 silly loadAllDepsIntoIdealTree Finishing
227 silly idealTree:prePrune mqtt@3.0.0
227 silly idealTree:prePrune ├── accepts@1.3.7
227 silly idealTree:prePrune ├── batch@0.6.1
227 silly idealTree:prePrune ├── debug@2.6.9
227 silly idealTree:prePrune ├── depd@1.1.2
227 silly idealTree:prePrune ├── escape-html@1.0.3
227 silly idealTree:prePrune ├─┬ http-errors@1.6.3
227 silly idealTree:prePrune │ └── inherits@2.0.3
227 silly idealTree:prePrune ├── mime-db@1.42.0
227 silly idealTree:prePrune ├── mime-types@2.1.25
227 silly idealTree:prePrune ├── ms@2.0.0
227 silly idealTree:prePrune ├── negotiator@0.6.2
227 silly idealTree:prePrune ├── parseurl@1.3.3
227 silly idealTree:prePrune ├── serve-index@1.9.1
227 silly idealTree:prePrune ├── setprototypeof@1.1.0
227 silly idealTree:prePrune └── statuses@1.5.0
228 silly loadIdealTree Finishing
229 silly currentTree mqtt@3.0.0
229 silly currentTree ├── accepts@1.3.7
229 silly currentTree ├── batch@0.6.1
229 silly currentTree ├── debug@2.6.9
229 silly currentTree ├── escape-html@1.0.3
229 silly currentTree ├── mime-db@1.42.0
229 silly currentTree ├── mime-types@2.1.25
229 silly currentTree ├── ms@2.0.0
229 silly currentTree ├── negotiator@0.6.2
229 silly currentTree └── parseurl@1.3.3
230 silly idealTree mqtt@3.0.0
230 silly idealTree ├── accepts@1.3.7
230 silly idealTree ├── batch@0.6.1
230 silly idealTree ├── debug@2.6.9
230 silly idealTree ├── depd@1.1.2
230 silly idealTree ├── escape-html@1.0.3
230 silly idealTree ├─┬ http-errors@1.6.3
230 silly idealTree │ └── inherits@2.0.3
230 silly idealTree ├── mime-db@1.42.0
230 silly idealTree ├── mime-types@2.1.25
230 silly idealTree ├── ms@2.0.0
230 silly idealTree ├── negotiator@0.6.2
230 silly idealTree ├── parseurl@1.3.3
230 silly idealTree ├── serve-index@1.9.1
230 silly idealTree ├── setprototypeof@1.1.0
230 silly idealTree └── statuses@1.5.0
231 silly generateActionsToTake Starting
232 silly install generateActionsToTake
233 silly generateActionsToTake Finishing
234 silly diffTrees action count 6
235 silly diffTrees add depd@1.1.2
236 silly diffTrees add inherits@2.0.3
237 silly diffTrees add setprototypeof@1.1.0
238 silly diffTrees add statuses@1.5.0
239 silly diffTrees add http-errors@1.6.3
240 silly diffTrees add serve-index@1.9.1
241 silly decomposeActions action count 48
242 silly decomposeActions fetch depd@1.1.2
243 silly decomposeActions extract depd@1.1.2
244 silly decomposeActions test depd@1.1.2
245 silly decomposeActions preinstall depd@1.1.2
246 silly decomposeActions build depd@1.1.2
247 silly decomposeActions install depd@1.1.2
248 silly decomposeActions postinstall depd@1.1.2
249 silly decomposeActions finalize depd@1.1.2
250 silly decomposeActions fetch inherits@2.0.3
251 silly decomposeActions extract inherits@2.0.3
252 silly decomposeActions test inherits@2.0.3
253 silly decomposeActions preinstall inherits@2.0.3
254 silly decomposeActions build inherits@2.0.3
255 silly decomposeActions install inherits@2.0.3
256 silly decomposeActions postinstall inherits@2.0.3
257 silly decomposeActions finalize inherits@2.0.3
258 silly decomposeActions fetch setprototypeof@1.1.0
259 silly decomposeActions extract setprototypeof@1.1.0
260 silly decomposeActions test setprototypeof@1.1.0
261 silly decomposeActions preinstall setprototypeof@1.1.0
262 silly decomposeActions build setprototypeof@1.1.0
263 silly decomposeActions install setprototypeof@1.1.0
264 silly decomposeActions postinstall setprototypeof@1.1.0
265 silly decomposeActions finalize setprototypeof@1.1.0
266 silly decomposeActions fetch statuses@1.5.0
267 silly decomposeActions extract statuses@1.5.0
268 silly decomposeActions test statuses@1.5.0
269 silly decomposeActions preinstall statuses@1.5.0
270 silly decomposeActions build statuses@1.5.0
271 silly decomposeActions install statuses@1.5.0
272 silly decomposeActions postinstall statuses@1.5.0
273 silly decomposeActions finalize statuses@1.5.0
274 silly decomposeActions fetch http-errors@1.6.3
275 silly decomposeActions extract http-errors@1.6.3
276 silly decomposeActions test http-errors@1.6.3
277 silly decomposeActions preinstall http-errors@1.6.3
278 silly decomposeActions build http-errors@1.6.3
279 silly decomposeActions install http-errors@1.6.3
280 silly decomposeActions postinstall http-errors@1.6.3
281 silly decomposeActions finalize http-errors@1.6.3
282 silly decomposeActions fetch serve-index@1.9.1
283 silly decomposeActions extract serve-index@1.9.1
284 silly decomposeActions test serve-index@1.9.1
285 silly decomposeActions preinstall serve-index@1.9.1
286 silly decomposeActions build serve-index@1.9.1
287 silly decomposeActions install serve-index@1.9.1
288 silly decomposeActions postinstall serve-index@1.9.1
289 silly decomposeActions finalize serve-index@1.9.1
290 silly executeActions Starting
291 silly install executeActions
292 silly doSerial global-install 0
293 silly doParallel fetch 6
294 verbose lock using /home/josh/.npm/_locks/staging-fe76be35e46cfa0b.lock for /home/josh/remoteProp/node_modules/.staging
295 silly doParallel extract 6
296 silly extract depd@1.1.2
297 silly extract inherits@2.0.3
298 silly extract setprototypeof@1.1.0
299 silly extract statuses@1.5.0
300 silly extract http-errors@1.6.3
301 silly extract serve-index@1.9.1
302 verbose unbuild node_modules/.staging/setprototypeof-7a35459d
303 verbose unbuild node_modules/.staging/statuses-e0d413da
304 verbose unbuild node_modules/.staging/depd-b8814272
305 verbose unbuild node_modules/.staging/inherits-16f47e9c
306 silly gentlyRm /home/josh/remoteProp/node_modules/.staging/setprototypeof-7a35459d is being purged from base /home/josh/remoteProp
307 verbose gentlyRm don't care about contents; nuking /home/josh/remoteProp/node_modules/.staging/setprototypeof-7a35459d
308 silly gentlyRm /home/josh/remoteProp/node_modules/.staging/statuses-e0d413da is being purged from base /home/josh/remoteProp
309 verbose gentlyRm don't care about contents; nuking /home/josh/remoteProp/node_modules/.staging/statuses-e0d413da
310 verbose unbuild node_modules/.staging/serve-index-d06e770a
311 silly gentlyRm /home/josh/remoteProp/node_modules/.staging/depd-b8814272 is being purged from base /home/josh/remoteProp
312 verbose gentlyRm don't care about contents; nuking /home/josh/remoteProp/node_modules/.staging/depd-b8814272
313 verbose unbuild node_modules/.staging/http-errors-bf8c52df
314 verbose tar unpack /home/josh/.npm/setprototypeof/1.1.0/package.tgz
315 verbose tar unpacking to /home/josh/remoteProp/node_modules/.staging/setprototypeof-7a35459d
316 silly gentlyRm /home/josh/remoteProp/node_modules/.staging/setprototypeof-7a35459d is being purged
317 verbose gentlyRm don't care about contents; nuking /home/josh/remoteProp/node_modules/.staging/setprototypeof-7a35459d
318 verbose tar unpack /home/josh/.npm/statuses/1.5.0/package.tgz
319 verbose tar unpacking to /home/josh/remoteProp/node_modules/.staging/statuses-e0d413da
320 silly gentlyRm /home/josh/remoteProp/node_modules/.staging/statuses-e0d413da is being purged
321 verbose gentlyRm don't care about contents; nuking /home/josh/remoteProp/node_modules/.staging/statuses-e0d413da
322 silly gentlyRm /home/josh/remoteProp/node_modules/.staging/inherits-16f47e9c is being purged from base /home/josh/remoteProp
323 verbose gentlyRm don't care about contents; nuking /home/josh/remoteProp/node_modules/.staging/inherits-16f47e9c
324 verbose tar unpack /home/josh/.npm/depd/1.1.2/package.tgz
325 verbose tar unpacking to /home/josh/remoteProp/node_modules/.staging/depd-b8814272
326 silly gentlyRm /home/josh/remoteProp/node_modules/.staging/depd-b8814272 is being purged
327 verbose gentlyRm don't care about contents; nuking /home/josh/remoteProp/node_modules/.staging/depd-b8814272
328 silly gunzTarPerm modes [ '755', '644' ]
329 silly gunzTarPerm modes [ '755', '644' ]
330 silly gentlyRm /home/josh/remoteProp/node_modules/.staging/serve-index-d06e770a is being purged from base /home/josh/remoteProp
331 verbose gentlyRm don't care about contents; nuking /home/josh/remoteProp/node_modules/.staging/serve-index-d06e770a
332 verbose tar unpack /home/josh/.npm/inherits/2.0.3/package.tgz
333 verbose tar unpacking to /home/josh/remoteProp/node_modules/.staging/inherits-16f47e9c
334 silly gentlyRm /home/josh/remoteProp/node_modules/.staging/inherits-16f47e9c is being purged
335 verbose gentlyRm don't care about contents; nuking /home/josh/remoteProp/node_modules/.staging/inherits-16f47e9c
336 silly gunzTarPerm modes [ '755', '644' ]
337 silly gentlyRm /home/josh/remoteProp/node_modules/.staging/http-errors-bf8c52df is being purged from base /home/josh/remoteProp
338 verbose gentlyRm don't care about contents; nuking /home/josh/remoteProp/node_modules/.staging/http-errors-bf8c52df
339 verbose tar unpack /home/josh/.npm/serve-index/1.9.1/package.tgz
340 verbose tar unpacking to /home/josh/remoteProp/node_modules/.staging/serve-index-d06e770a
341 silly gentlyRm /home/josh/remoteProp/node_modules/.staging/serve-index-d06e770a is being purged
342 verbose gentlyRm don't care about contents; nuking /home/josh/remoteProp/node_modules/.staging/serve-index-d06e770a
343 silly gunzTarPerm modes [ '755', '644' ]
344 verbose tar unpack /home/josh/.npm/http-errors/1.6.3/package.tgz
345 verbose tar unpacking to /home/josh/remoteProp/node_modules/.staging/http-errors-bf8c52df
346 silly gentlyRm /home/josh/remoteProp/node_modules/.staging/http-errors-bf8c52df is being purged
347 verbose gentlyRm don't care about contents; nuking /home/josh/remoteProp/node_modules/.staging/http-errors-bf8c52df
348 silly gunzTarPerm modes [ '755', '644' ]
349 silly gunzTarPerm modes [ '755', '644' ]
350 silly gunzTarPerm extractEntry package.json
351 silly gunzTarPerm extractEntry package.json
352 silly gunzTarPerm extractEntry package.json
353 silly gunzTarPerm modified mode [ 'package.json', 438, 420 ]
354 silly gunzTarPerm extractEntry package.json
355 silly gunzTarPerm extractEntry package.json
356 silly gunzTarPerm extractEntry package.json
357 silly gunzTarPerm modified mode [ 'package.json', 438, 420 ]
358 silly gunzTarPerm extractEntry README.md
359 silly gunzTarPerm extractEntry LICENSE
360 silly gunzTarPerm extractEntry README.md
361 silly gunzTarPerm extractEntry LICENSE
362 silly gunzTarPerm extractEntry LICENSE
363 silly gunzTarPerm modified mode [ 'LICENSE', 438, 420 ]
364 silly gunzTarPerm extractEntry index.js
365 silly gunzTarPerm modified mode [ 'index.js', 438, 420 ]
366 silly gunzTarPerm extractEntry README.md
367 silly gunzTarPerm extractEntry LICENSE
368 silly gunzTarPerm extractEntry README.md
369 silly gunzTarPerm extractEntry LICENSE
370 silly gunzTarPerm extractEntry index.js
371 silly gunzTarPerm extractEntry HISTORY.md
372 silly gunzTarPerm extractEntry README.md
373 silly gunzTarPerm modified mode [ 'README.md', 438, 420 ]
374 silly gunzTarPerm extractEntry LICENSE
375 silly gunzTarPerm modified mode [ 'LICENSE', 438, 420 ]
376 silly gunzTarPerm extractEntry History.md
377 silly gunzTarPerm modified mode [ 'History.md', 438, 420 ]
378 silly gunzTarPerm extractEntry Readme.md
379 silly gunzTarPerm modified mode [ 'Readme.md', 438, 420 ]
380 silly gunzTarPerm extractEntry lib/browser/index.js
381 silly gunzTarPerm modified mode [ 'lib/browser/index.js', 438, 420 ]
382 silly gunzTarPerm extractEntry lib/compat/callsite-tostring.js
383 silly gunzTarPerm modified mode [ 'lib/compat/callsite-tostring.js', 438, 420 ]
384 silly gunzTarPerm extractEntry lib/compat/event-listener-count.js
385 silly gunzTarPerm modified mode [ 'lib/compat/event-listener-count.js', 438, 420 ]
386 silly gunzTarPerm extractEntry lib/compat/index.js
387 silly gunzTarPerm modified mode [ 'lib/compat/index.js', 438, 420 ]
388 silly gunzTarPerm extractEntry index.js
389 silly gunzTarPerm extractEntry index.d.ts
390 silly gunzTarPerm extractEntry index.js
391 silly gunzTarPerm extractEntry inherits.js
392 silly gunzTarPerm extractEntry inherits_browser.js
393 silly gunzTarPerm extractEntry index.js
394 silly gunzTarPerm modified mode [ 'index.js', 438, 420 ]
395 silly gunzTarPerm extractEntry HISTORY.md
396 silly gunzTarPerm modified mode [ 'HISTORY.md', 438, 420 ]
397 silly gunzTarPerm extractEntry public/directory.html
398 silly gunzTarPerm modified mode [ 'public/directory.html', 438, 420 ]
399 silly gunzTarPerm extractEntry public/icons/page_white_csharp.png
400 silly gunzTarPerm modified mode [ 'public/icons/page_white_csharp.png', 438, 420 ]
401 silly gunzTarPerm extractEntry public/icons/application_xp.png
402 silly gunzTarPerm modified mode [ 'public/icons/application_xp.png', 438, 420 ]
403 silly gunzTarPerm extractEntry public/icons/box.png
404 silly gunzTarPerm modified mode [ 'public/icons/box.png', 438, 420 ]
405 silly gunzTarPerm extractEntry public/icons/cd.png
406 silly gunzTarPerm modified mode [ 'public/icons/cd.png', 438, 420 ]
407 silly gunzTarPerm extractEntry public/icons/controller.png
408 silly gunzTarPerm modified mode [ 'public/icons/controller.png', 438, 420 ]
409 silly gunzTarPerm extractEntry public/icons/drive.png
410 silly gunzTarPerm modified mode [ 'public/icons/drive.png', 438, 420 ]
411 silly gunzTarPerm extractEntry public/icons/film.png
412 silly gunzTarPerm modified mode [ 'public/icons/film.png', 438, 420 ]
413 silly gunzTarPerm extractEntry public/icons/folder.png
414 silly gunzTarPerm modified mode [ 'public/icons/folder.png', 438, 420 ]
415 silly gunzTarPerm extractEntry public/icons/font.png
416 silly gunzTarPerm modified mode [ 'public/icons/font.png', 438, 420 ]
417 silly gunzTarPerm extractEntry public/icons/image.png
418 silly gunzTarPerm modified mode [ 'public/icons/image.png', 438, 420 ]
419 silly gunzTarPerm extractEntry public/icons/map.png
420 silly gunzTarPerm modified mode [ 'public/icons/map.png', 438, 420 ]
421 silly gunzTarPerm extractEntry public/icons/page.png
422 silly gunzTarPerm modified mode [ 'public/icons/page.png', 438, 420 ]
423 silly gunzTarPerm extractEntry public/icons/page_add.png
424 silly gunzTarPerm modified mode [ 'public/icons/page_add.png', 438, 420 ]
425 silly gunzTarPerm extractEntry public/icons/page_attach.png
426 silly gunzTarPerm modified mode [ 'public/icons/page_attach.png', 438, 420 ]
427 silly gunzTarPerm extractEntry public/icons/page_code.png
428 silly gunzTarPerm modified mode [ 'public/icons/page_code.png', 438, 420 ]
429 silly gunzTarPerm extractEntry public/icons/page_copy.png
430 silly gunzTarPerm modified mode [ 'public/icons/page_copy.png', 438, 420 ]
431 silly gunzTarPerm extractEntry public/icons/page_delete.png
432 silly gunzTarPerm modified mode [ 'public/icons/page_delete.png', 438, 420 ]
433 silly gunzTarPerm extractEntry public/icons/page_edit.png
434 silly gunzTarPerm modified mode [ 'public/icons/page_edit.png', 438, 420 ]
435 silly gunzTarPerm extractEntry public/icons/page_error.png
436 silly gunzTarPerm modified mode [ 'public/icons/page_error.png', 438, 420 ]
437 silly gunzTarPerm extractEntry public/icons/page_excel.png
438 silly gunzTarPerm modified mode [ 'public/icons/page_excel.png', 438, 420 ]
439 silly gunzTarPerm extractEntry public/icons/page_find.png
440 silly gunzTarPerm modified mode [ 'public/icons/page_find.png', 438, 420 ]
441 silly gunzTarPerm extractEntry public/icons/page_gear.png
442 silly gunzTarPerm modified mode [ 'public/icons/page_gear.png', 438, 420 ]
443 silly gunzTarPerm extractEntry public/icons/page_go.png
444 silly gunzTarPerm modified mode [ 'public/icons/page_go.png', 438, 420 ]
445 silly gunzTarPerm extractEntry public/icons/page_green.png
446 silly gunzTarPerm modified mode [ 'public/icons/page_green.png', 438, 420 ]
447 silly gunzTarPerm extractEntry public/icons/page_key.png
448 silly gunzTarPerm modified mode [ 'public/icons/page_key.png', 438, 420 ]
449 silly gunzTarPerm extractEntry public/icons/page_lightning.png
450 silly gunzTarPerm modified mode [ 'public/icons/page_lightning.png', 438, 420 ]
451 silly gunzTarPerm extractEntry public/icons/page_link.png
452 silly gunzTarPerm modified mode [ 'public/icons/page_link.png', 438, 420 ]
453 silly gunzTarPerm extractEntry public/icons/page_paintbrush.png
454 silly gunzTarPerm modified mode [ 'public/icons/page_paintbrush.png', 438, 420 ]
455 silly gunzTarPerm extractEntry public/icons/page_paste.png
456 silly gunzTarPerm modified mode [ 'public/icons/page_paste.png', 438, 420 ]
457 silly gunzTarPerm extractEntry public/icons/page_red.png
458 silly gunzTarPerm modified mode [ 'public/icons/page_red.png', 438, 420 ]
459 silly gunzTarPerm extractEntry public/icons/page_refresh.png
460 silly gunzTarPerm modified mode [ 'public/icons/page_refresh.png', 438, 420 ]
461 silly gunzTarPerm extractEntry public/icons/page_save.png
462 silly gunzTarPerm modified mode [ 'public/icons/page_save.png', 438, 420 ]
463 silly gunzTarPerm extractEntry public/icons/page_white.png
464 silly gunzTarPerm modified mode [ 'public/icons/page_white.png', 438, 420 ]
465 silly gunzTarPerm extractEntry public/icons/page_white_acrobat.png
466 silly gunzTarPerm modified mode [ 'public/icons/page_white_acrobat.png', 438, 420 ]
467 silly gunzTarPerm extractEntry public/icons/page_white_actionscript.png
468 silly gunzTarPerm modified mode [ 'public/icons/page_white_actionscript.png', 438, 420 ]
469 silly gunzTarPerm extractEntry public/icons/page_white_add.png
470 silly gunzTarPerm modified mode [ 'public/icons/page_white_add.png', 438, 420 ]
471 silly gunzTarPerm extractEntry public/icons/page_white_c.png
472 silly gunzTarPerm modified mode [ 'public/icons/page_white_c.png', 438, 420 ]
473 silly gunzTarPerm extractEntry public/icons/page_white_camera.png
474 silly gunzTarPerm modified mode [ 'public/icons/page_white_camera.png', 438, 420 ]
475 silly gunzTarPerm extractEntry public/icons/page_white_cd.png
476 silly gunzTarPerm modified mode [ 'public/icons/page_white_cd.png', 438, 420 ]
477 silly gunzTarPerm extractEntry public/icons/page_white_code.png
478 silly gunzTarPerm modified mode [ 'public/icons/page_white_code.png', 438, 420 ]
479 silly gunzTarPerm extractEntry public/icons/page_white_code_red.png
480 silly gunzTarPerm modified mode [ 'public/icons/page_white_code_red.png', 438, 420 ]
481 silly gunzTarPerm extractEntry public/icons/page_white_coldfusion.png
482 silly gunzTarPerm modified mode [ 'public/icons/page_white_coldfusion.png', 438, 420 ]
483 silly gunzTarPerm extractEntry public/icons/page_white_compressed.png
484 silly gunzTarPerm modified mode [ 'public/icons/page_white_compressed.png', 438, 420 ]
485 silly gunzTarPerm extractEntry public/icons/page_white_copy.png
486 silly gunzTarPerm modified mode [ 'public/icons/page_white_copy.png', 438, 420 ]
487 silly gunzTarPerm extractEntry public/icons/page_white_cplusplus.png
488 silly gunzTarPerm modified mode [ 'public/icons/page_white_cplusplus.png', 438, 420 ]
489 silly gunzTarPerm extractEntry public/icons/application_xp_terminal.png
490 silly gunzTarPerm modified mode [ 'public/icons/application_xp_terminal.png', 438, 420 ]
491 silly gunzTarPerm extractEntry public/icons/page_white_cup.png
492 silly gunzTarPerm modified mode [ 'public/icons/page_white_cup.png', 438, 420 ]
493 silly gunzTarPerm extractEntry public/icons/page_white_database.png
494 silly gunzTarPerm modified mode [ 'public/icons/page_white_database.png', 438, 420 ]
495 silly gunzTarPerm extractEntry public/icons/page_white_delete.png
496 silly gunzTarPerm modified mode [ 'public/icons/page_white_delete.png', 438, 420 ]
497 silly gunzTarPerm extractEntry public/icons/page_white_dvd.png
498 silly gunzTarPerm modified mode [ 'public/icons/page_white_dvd.png', 438, 420 ]
499 silly gunzTarPerm extractEntry public/icons/page_white_edit.png
500 silly gunzTarPerm modified mode [ 'public/icons/page_white_edit.png', 438, 420 ]
501 silly gunzTarPerm extractEntry public/icons/page_white_error.png
502 silly gunzTarPerm modified mode [ 'public/icons/page_white_error.png', 438, 420 ]
503 silly gunzTarPerm extractEntry public/icons/page_white_excel.png
504 silly gunzTarPerm modified mode [ 'public/icons/page_white_excel.png', 438, 420 ]
505 silly gunzTarPerm extractEntry public/icons/page_white_find.png
506 silly gunzTarPerm modified mode [ 'public/icons/page_white_find.png', 438, 420 ]
507 silly gunzTarPerm extractEntry public/icons/page_white_flash.png
508 silly gunzTarPerm modified mode [ 'public/icons/page_white_flash.png', 438, 420 ]
509 silly gunzTarPerm extractEntry public/icons/page_white_freehand.png
510 silly gunzTarPerm modified mode [ 'public/icons/page_white_freehand.png', 438, 420 ]
511 silly gunzTarPerm extractEntry public/icons/page_white_gear.png
512 silly gunzTarPerm modified mode [ 'public/icons/page_white_gear.png', 438, 420 ]
513 silly gunzTarPerm extractEntry public/icons/page_white_get.png
514 silly gunzTarPerm modified mode [ 'public/icons/page_white_get.png', 438, 420 ]
515 silly gunzTarPerm extractEntry public/icons/page_white_go.png
516 silly gunzTarPerm modified mode [ 'public/icons/page_white_go.png', 438, 420 ]
517 silly gunzTarPerm extractEntry public/icons/page_white_h.png
518 silly gunzTarPerm modified mode [ 'public/icons/page_white_h.png', 438, 420 ]
519 silly gunzTarPerm extractEntry public/icons/page_white_horizontal.png
520 silly gunzTarPerm modified mode [ 'public/icons/page_white_horizontal.png', 438, 420 ]
521 silly gunzTarPerm extractEntry public/icons/page_white_key.png
522 silly gunzTarPerm modified mode [ 'public/icons/page_white_key.png', 438, 420 ]
523 silly gunzTarPerm extractEntry public/icons/page_white_lightning.png
524 silly gunzTarPerm modified mode [ 'public/icons/page_white_lightning.png', 438, 420 ]
525 silly gunzTarPerm extractEntry public/icons/page_white_link.png
526 silly gunzTarPerm modified mode [ 'public/icons/page_white_link.png', 438, 420 ]
527 silly gunzTarPerm extractEntry public/icons/page_white_magnify.png
528 silly gunzTarPerm modified mode [ 'public/icons/page_white_magnify.png', 438, 420 ]
529 silly gunzTarPerm extractEntry public/icons/page_white_medal.png
530 silly gunzTarPerm modified mode [ 'public/icons/page_white_medal.png', 438, 420 ]
531 silly gunzTarPerm extractEntry public/icons/page_white_office.png
532 silly gunzTarPerm modified mode [ 'public/icons/page_white_office.png', 438, 420 ]
533 silly gunzTarPerm extractEntry public/icons/page_white_paint.png
534 silly gunzTarPerm modified mode [ 'public/icons/page_white_paint.png', 438, 420 ]
535 silly gunzTarPerm extractEntry public/icons/page_white_paintbrush.png
536 silly gunzTarPerm modified mode [ 'public/icons/page_white_paintbrush.png', 438, 420 ]
537 silly gunzTarPerm extractEntry public/icons/page_white_paste.png
538 silly gunzTarPerm modified mode [ 'public/icons/page_white_paste.png', 438, 420 ]
539 silly gunzTarPerm extractEntry public/icons/page_white_php.png
540 silly gunzTarPerm modified mode [ 'public/icons/page_white_php.png', 438, 420 ]
541 silly gunzTarPerm extractEntry public/icons/page_white_picture.png
542 silly gunzTarPerm modified mode [ 'public/icons/page_white_picture.png', 438, 420 ]
543 silly gunzTarPerm extractEntry public/icons/page_white_powerpoint.png
544 silly gunzTarPerm modified mode [ 'public/icons/page_white_powerpoint.png', 438, 420 ]
545 silly gunzTarPerm extractEntry public/icons/page_white_put.png
546 silly gunzTarPerm modified mode [ 'public/icons/page_white_put.png', 438, 420 ]
547 silly gunzTarPerm extractEntry public/icons/page_white_ruby.png
548 silly gunzTarPerm modified mode [ 'public/icons/page_white_ruby.png', 438, 420 ]
549 silly gunzTarPerm extractEntry public/icons/page_white_stack.png
550 silly gunzTarPerm modified mode [ 'public/icons/page_white_stack.png', 438, 420 ]
551 silly gunzTarPerm extractEntry public/icons/page_white_star.png
552 silly gunzTarPerm modified mode [ 'public/icons/page_white_star.png', 438, 420 ]
553 silly gunzTarPerm extractEntry public/icons/page_white_swoosh.png
554 silly gunzTarPerm modified mode [ 'public/icons/page_white_swoosh.png', 438, 420 ]
555 silly gunzTarPerm extractEntry public/icons/page_white_text.png
556 silly gunzTarPerm modified mode [ 'public/icons/page_white_text.png', 438, 420 ]
557 silly gunzTarPerm extractEntry public/icons/page_white_text_width.png
558 silly gunzTarPerm modified mode [ 'public/icons/page_white_text_width.png', 438, 420 ]
559 silly gunzTarPerm extractEntry public/icons/page_white_tux.png
560 silly gunzTarPerm modified mode [ 'public/icons/page_white_tux.png', 438, 420 ]
561 silly gunzTarPerm extractEntry public/icons/page_white_vector.png
562 silly gunzTarPerm modified mode [ 'public/icons/page_white_vector.png', 438, 420 ]
563 silly gunzTarPerm extractEntry public/icons/page_white_visualstudio.png
564 silly gunzTarPerm modified mode [ 'public/icons/page_white_visualstudio.png', 438, 420 ]
565 silly gunzTarPerm extractEntry public/icons/page_white_width.png
566 silly gunzTarPerm modified mode [ 'public/icons/page_white_width.png', 438, 420 ]
567 silly gunzTarPerm extractEntry public/icons/page_white_word.png
568 silly gunzTarPerm modified mode [ 'public/icons/page_white_word.png', 438, 420 ]
569 silly gunzTarPerm extractEntry public/icons/page_white_world.png
570 silly gunzTarPerm modified mode [ 'public/icons/page_white_world.png', 438, 420 ]
571 silly gunzTarPerm extractEntry public/icons/page_white_wrench.png
572 silly gunzTarPerm modified mode [ 'public/icons/page_white_wrench.png', 438, 420 ]
573 silly gunzTarPerm extractEntry public/icons/page_white_zip.png
574 silly gunzTarPerm modified mode [ 'public/icons/page_white_zip.png', 438, 420 ]
575 silly gunzTarPerm extractEntry public/icons/page_word.png
576 silly gunzTarPerm modified mode [ 'public/icons/page_word.png', 438, 420 ]
577 silly gunzTarPerm extractEntry public/icons/page_world.png
578 silly gunzTarPerm modified mode [ 'public/icons/page_world.png', 438, 420 ]
579 silly gunzTarPerm extractEntry public/style.css
580 silly gunzTarPerm modified mode [ 'public/style.css', 438, 420 ]
581 silly gunzTarPerm extractEntry HISTORY.md
582 silly gunzTarPerm extractEntry codes.json
583 silly gentlyRm /home/josh/remoteProp/node_modules/.staging/setprototypeof-7a35459d/node_modules is being purged
584 verbose gentlyRm don't care about contents; nuking /home/josh/remoteProp/node_modules/.staging/setprototypeof-7a35459d/node_modules
585 silly gentlyRm /home/josh/remoteProp/node_modules/.staging/inherits-16f47e9c/node_modules is being purged
586 verbose gentlyRm don't care about contents; nuking /home/josh/remoteProp/node_modules/.staging/inherits-16f47e9c/node_modules
587 silly gentlyRm /home/josh/remoteProp/node_modules/.staging/http-errors-bf8c52df/node_modules is being purged
588 verbose gentlyRm don't care about contents; nuking /home/josh/remoteProp/node_modules/.staging/http-errors-bf8c52df/node_modules
589 silly gentlyRm /home/josh/remoteProp/node_modules/.staging/statuses-e0d413da/node_modules is being purged
590 verbose gentlyRm don't care about contents; nuking /home/josh/remoteProp/node_modules/.staging/statuses-e0d413da/node_modules
591 silly gentlyRm /home/josh/remoteProp/node_modules/.staging/depd-b8814272/node_modules is being purged
592 verbose gentlyRm don't care about contents; nuking /home/josh/remoteProp/node_modules/.staging/depd-b8814272/node_modules
593 silly gentlyRm /home/josh/remoteProp/node_modules/.staging/serve-index-d06e770a/node_modules is being purged
594 verbose gentlyRm don't care about contents; nuking /home/josh/remoteProp/node_modules/.staging/serve-index-d06e770a/node_modules
595 silly doParallel preinstall 6
596 silly preinstall depd@1.1.2 /home/josh/remoteProp/node_modules/.staging/depd-b8814272
597 info lifecycle depd@1.1.2~preinstall: depd@1.1.2
598 silly preinstall inherits@2.0.3 /home/josh/remoteProp/node_modules/.staging/inherits-16f47e9c
599 info lifecycle inherits@2.0.3~preinstall: inherits@2.0.3
600 silly preinstall setprototypeof@1.1.0 /home/josh/remoteProp/node_modules/.staging/setprototypeof-7a35459d
601 info lifecycle setprototypeof@1.1.0~preinstall: setprototypeof@1.1.0
602 silly preinstall statuses@1.5.0 /home/josh/remoteProp/node_modules/.staging/statuses-e0d413da
603 info lifecycle statuses@1.5.0~preinstall: statuses@1.5.0
604 silly preinstall http-errors@1.6.3 /home/josh/remoteProp/node_modules/.staging/http-errors-bf8c52df
605 info lifecycle http-errors@1.6.3~preinstall: http-errors@1.6.3
606 silly preinstall serve-index@1.9.1 /home/josh/remoteProp/node_modules/.staging/serve-index-d06e770a
607 info lifecycle serve-index@1.9.1~preinstall: serve-index@1.9.1
608 silly lifecycle depd@1.1.2~preinstall: no script for preinstall, continuing
609 silly lifecycle inherits@2.0.3~preinstall: no script for preinstall, continuing
610 silly lifecycle setprototypeof@1.1.0~preinstall: no script for preinstall, continuing
611 silly lifecycle statuses@1.5.0~preinstall: no script for preinstall, continuing
612 silly lifecycle http-errors@1.6.3~preinstall: no script for preinstall, continuing
613 silly lifecycle serve-index@1.9.1~preinstall: no script for preinstall, continuing
614 silly doReverseSerial remove 0
615 silly doSerial move 0
616 silly doSerial finalize 6
617 silly finalize /home/josh/remoteProp/node_modules/depd
618 silly finalize /home/josh/remoteProp/node_modules/http-errors/node_modules/inherits
619 silly finalize /home/josh/remoteProp/node_modules/setprototypeof
620 silly finalize /home/josh/remoteProp/node_modules/statuses
621 silly finalize /home/josh/remoteProp/node_modules/http-errors
622 verbose unlock done using /home/josh/.npm/_locks/staging-fe76be35e46cfa0b.lock for /home/josh/remoteProp/node_modules/.staging
623 silly rollbackFailedOptional Starting
624 silly rollbackFailedOptional Finishing
625 silly runTopLevelLifecycles Starting
626 silly runTopLevelLifecycles Finishing
627 silly install printInstalled
628 verbose stack Error: EACCES: permission denied, rename '/home/josh/remoteProp/node_modules/http-errors' -> '/home/josh/remoteProp/node_modules/.http-errors.DELETE'
628 verbose stack     at moveAway (/usr/share/npm/lib/install/action/finalize.js:38:5)
628 verbose stack     at destStatted (/usr/share/npm/lib/install/action/finalize.js:27:7)
628 verbose stack     at FSReqWrap.oncomplete (fs.js:153:5)
628 verbose stack
628 verbose stack Error: EACCES: permission denied, rename '/home/josh/remoteProp/node_modules/http-errors' -> '/home/josh/remoteProp/node_modules/.http-errors.DELETE'
629 verbose cwd /home/josh/remoteProp
630 error Linux 4.4.0-18362-Microsoft
631 error argv "/usr/bin/node" "/usr/bin/npm" "install" "serve-index"
632 error node v8.10.0
633 error npm  v3.5.2
634 error path /home/josh/remoteProp/node_modules/http-errors
635 error code EACCES
636 error errno -13
637 error syscall rename
638 error Error: EACCES: permission denied, rename '/home/josh/remoteProp/node_modules/http-errors' -> '/home/josh/remoteProp/node_modules/.http-errors.DELETE'
638 error     at moveAway (/usr/share/npm/lib/install/action/finalize.js:38:5)
638 error     at destStatted (/usr/share/npm/lib/install/action/finalize.js:27:7)
638 error     at FSReqWrap.oncomplete (fs.js:153:5)
638 error
638 error Error: EACCES: permission denied, rename '/home/josh/remoteProp/node_modules/http-errors' -> '/home/josh/remoteProp/node_modules/.http-errors.DELETE'
638 error  { Error: EACCES: permission denied, rename '/home/josh/remoteProp/node_modules/http-errors' -> '/home/josh/remoteProp/node_modules/.http-errors.DELETE'
638 error     at moveAway (/usr/share/npm/lib/install/action/finalize.js:38:5)
638 error     at destStatted (/usr/share/npm/lib/install/action/finalize.js:27:7)
638 error     at FSReqWrap.oncomplete (fs.js:153:5)
638 error
638 error Error: EACCES: permission denied, rename '/home/josh/remoteProp/node_modules/http-errors' -> '/home/josh/remoteProp/node_modules/.http-errors.DELETE' parent: 'mqtt' }
639 error Please try running this command again as root/Administrator.
640 verbose exit [ -13, true ]
